<?xml version="1.0" encoding="UTF-8"?>
<!-- Generated by org.testng.reporters.JUnitReportReporter -->
<testsuite hostname="auhumanpc" failures="0" tests="18" name="demoSelenium.CssSelector" time="8.278" errors="0" timestamp="2019-11-06T22:33:59 PST" skipped="17">
  <testcase classname="demoSelenium.CssSelector" name="leadsSelectView" time="8.278"/>
  <testcase classname="demoSelenium.CssSelector" name="developerConsole8">
    <skipped/>
  </testcase> <!-- developerConsole8 -->
  <testcase classname="demoSelenium.CssSelector" name="photoFile6">
    <skipped/>
  </testcase> <!-- photoFile6 -->
  <testcase classname="demoSelenium.CssSelector" name="stuckOpp">
    <skipped/>
  </testcase> <!-- stuckOpp -->
  <testcase classname="demoSelenium.CssSelector" name="leads">
    <skipped/>
  </testcase> <!-- leads -->
  <testcase classname="demoSelenium.CssSelector" name="loginerror">
    <skipped/>
  </testcase> <!-- loginerror -->
  <testcase classname="demoSelenium.CssSelector" name="rememberMe">
    <skipped/>
  </testcase> <!-- rememberMe -->
  <testcase classname="demoSelenium.CssSelector" name="createAccountReport">
    <skipped/>
  </testcase> <!-- createAccountReport -->
  <testcase classname="demoSelenium.CssSelector" name="pipelin">
    <skipped/>
  </testcase> <!-- pipelin -->
  <testcase classname="demoSelenium.CssSelector" name="newOpportunities">
    <skipped/>
  </testcase> <!-- newOpportunities -->
  <testcase classname="demoSelenium.CssSelector" name="quaterly">
    <skipped/>
  </testcase> <!-- quaterly -->
  <testcase classname="demoSelenium.CssSelector" name="logout9">
    <skipped/>
  </testcase> <!-- logout9 -->
  <testcase classname="demoSelenium.CssSelector" name="ForgotPassword">
    <skipped/>
  </testcase> <!-- ForgotPassword -->
  <testcase classname="demoSelenium.CssSelector" name="mySetting7">
    <skipped/>
  </testcase> <!-- mySetting7 -->
  <testcase classname="demoSelenium.CssSelector" name="forgotPassword4">
    <skipped/>
  </testcase> <!-- forgotPassword4 -->
  <testcase classname="demoSelenium.CssSelector" name="login">
    <skipped/>
  </testcase> <!-- login -->
  <testcase classname="demoSelenium.CssSelector" name="opportunities">
    <skipped/>
  </testcase> <!-- opportunities -->
  <testcase classname="demoSelenium.CssSelector" name="userNameDrop5">
    <skipped/>
  </testcase> <!-- userNameDrop5 -->
</testsuite> <!-- demoSelenium.CssSelector -->
