<?xml version="1.0" encoding="UTF-8"?>
<!-- Generated by org.testng.reporters.JUnitReportReporter -->
<testsuite hostname="auhumanpc" failures="0" tests="1" name="demoSelenium.MergeAccount" time="10.825" errors="0" timestamp="2019-11-04T20:12:25 PST" skipped="0">
  <testcase classname="demoSelenium.MergeAccount" name="mergeTwoAccount" time="10.825"/>
</testsuite> <!-- demoSelenium.MergeAccount -->
