<?xml version="1.0" encoding="UTF-8"?>
<!-- Generated by org.testng.reporters.JUnitReportReporter -->
<testsuite hostname="auhumanpc" failures="0" tests="1" name="demoSelenium.testData" time="3.955" errors="0" timestamp="2019-10-30T19:25:02 PDT" skipped="0">
  <testcase classname="demoSelenium.testData" name="login" time="3.955"/>
</testsuite> <!-- demoSelenium.testData -->
