<?xml version="1.0" encoding="UTF-8"?>
<!-- Generated by org.testng.reporters.JUnitReportReporter -->
<testsuite hostname="auhumanpc" failures="0" tests="1" name="demoSelenium.SalesForce" time="3.343" errors="0" timestamp="2019-11-10T16:14:41 PST" skipped="0">
  <testcase classname="demoSelenium.SalesForce" name="TC01_loginErrorMessage" time="3.343"/>
</testsuite> <!-- demoSelenium.SalesForce -->
