<?xml version="1.0" encoding="UTF-8"?>
<!-- Generated by org.testng.reporters.JUnitReportReporter -->
<testsuite hostname="auhumanpc" failures="0" tests="1" name="demoSelenium.AccountTab11" time="17.258" errors="0" timestamp="2019-11-04T19:36:26 PST" skipped="0">
  <testcase classname="demoSelenium.AccountTab11" name="userAccount" time="17.258"/>
</testsuite> <!-- demoSelenium.AccountTab11 -->
