<?xml version="1.0" encoding="UTF-8"?>
<!-- Generated by org.testng.reporters.JUnitReportReporter -->
<testsuite hostname="auhumanpc" failures="0" tests="2" name="demoSelenium.editView" time="14.475" errors="0" timestamp="2019-10-29T18:13:30 PDT" skipped="0">
  <testcase classname="demoSelenium.editView" name="login" time="5.877"/>
  <testcase classname="demoSelenium.editView" name="edView" time="8.598"/>
</testsuite> <!-- demoSelenium.editView -->
